<?xml version="1.0" encoding="UTF-8"?>
<!-- Generated by org.testng.reporters.JUnitReportReporter -->
<testsuite hostname="COREPW0CFCW7" failures="0" tests="4" name="test.day3" time="0.011" errors="0" timestamp="2024-11-05T17:26:34 IST" skipped="0">
  <testcase classname="test.day3" name="ABitestCases" time="0.002"/>
  <system-out/>
  <testcase classname="test.day3" name="ACTestcases" time="0.002"/>
  <system-out/>
  <testcase classname="test.day3" name="ABitestCases" time="0.005"/>
  <system-out/>
  <testcase classname="test.day3" name="ABitestCases" time="0.002"/>
  <system-out/>
</testsuite> <!-- test.day3 -->
