<?xml version="1.0" encoding="UTF-8"?>
<!-- Generated by org.testng.reporters.JUnitReportReporter -->
<testsuite hostname="COREPW0CFCW7" failures="0" tests="4" name="test.testng" time="0.017" errors="0" timestamp="2024-11-05T18:30:31 IST" skipped="0">
  <testcase classname="test.testng" name="Demo" time="0.012"/>
  <system-out/>
  <testcase classname="test.testng" name="testforAftersuite" time="0.002"/>
  <system-out/>
  <testcase classname="test.testng" name="testforbeforesuite" time="0.001"/>
  <system-out/>
  <testcase classname="test.testng" name="Secondtest" time="0.002"/>
  <system-out/>
</testsuite> <!-- test.testng -->
