<?xml version="1.0" encoding="UTF-8"?>
<!-- Generated by org.testng.reporters.JUnitReportReporter -->
<testsuite hostname="COREPW0CFCW7" failures="0" tests="2" name="test.day4" time="0.003" errors="0" timestamp="2024-11-05T17:26:34 IST" skipped="0">
  <testcase classname="test.day4" name="jmeternew" time="0.002"/>
  <system-out/>
  <testcase classname="test.day4" name="newtests" time="0.001"/>
  <system-out/>
</testsuite> <!-- test.day4 -->
